src/es/manhwaes/build/outputs/mapping/release/configuration.txt
# The proguard configuration file for the following section is senpou/common/proguard-rules.pro
#-dontobfuscate
#-dontoptimize

## Partially based on https://android.googlesource.com/platform/tools/base/+/refs/heads/mirror-goog-studio-main/build-system/gradle-core/src/main/resources/com/android/build/gradle/proguard-common.txt

# For enumeration classes, see https://www.guardsquare.com/manual/configuration/examples#enumerations
-keepclassmembers enum * {
    public static **[] values();
    public static ** valueOf(java.lang.String);
}

-keepclassmembers class * implements android.os.Parcelable {
    public static final ** CREATOR;
}

# Preserve annotated Javascript interface methods.
-keepclassmembers class * {
    @android.webkit.JavascriptInterface <methods>;
}

## Below are some of the custom rules for this repo

# Injekt — generic type tokens are captured via subclasses of FullTypeReference and
# resolved with reflection at runtime, so the Signature attribute is needed.
# https://r8.googlesource.com/r8/+/refs/heads/master/compatibility-faq.md#troubleshooting-gson-gson
-keepattributes Signature
-keep,allowshrinking,allowoptimization,allowobfuscation class * extends uy.kohesive.injekt.api.FullTypeReference

# kotlinx-serialization — runtime keeps required for @Serializable types and their
# generated $serializer companions.
# https://github.com/Kotlin/kotlinx.serialization/tree/dev/rules
-keepattributes RuntimeVisibleAnnotations,AnnotationDefault

-keepclassmembers @kotlinx.serialization.Serializable class ** {
    static ** Companion;
}

-if @kotlinx.serialization.Serializable class ** {
    static **$* *;
}

-keepclassmembers class <2>$<3> {
    kotlinx.serialization.KSerializer serializer(...);
}

-keepclassmembers public class **$$serializer {
    private ** descriptor;
}

-if @kotlinx.serialization.Serializable class **
-keep,allowshrinking,allowoptimization,allowobfuscation class <1>

# End of content from senpou/common/proguard-rules.pro
# The proguard configuration file for the following section is AAPT2 generated keep rules (extracted file: /home/jeff/Documentos/Personal/EXTENSIONES/senpou/src/es/manhwaes/build/intermediates/aapt_proguard_file/release/processReleaseResources/aapt_rules.txt)
-keep class keiyoushi.source.UrlActivity { <init>(); }

# End of content from AAPT2 generated keep rules (extracted file: /home/jeff/Documentos/Personal/EXTENSIONES/senpou/src/es/manhwaes/build/intermediates/aapt_proguard_file/release/processReleaseResources/aapt_rules.txt)
# The proguard configuration file for the following section is Local project :src:es:manhwaes::src:es:manhwaes (extracted file: /home/jeff/Documentos/Personal/EXTENSIONES/senpou/src/es/manhwaes/build/generated/keepRules/generateReleaseKeepRules/extClass.keep)
-keep class app.senpou.extension.es.manhwaes.ExtensionGenerated { <init>(); }

# End of content from Local project :src:es:manhwaes::src:es:manhwaes (extracted file: /home/jeff/Documentos/Personal/EXTENSIONES/senpou/src/es/manhwaes/build/generated/keepRules/generateReleaseKeepRules/extClass.keep)
# The proguard configuration file for the following section is <unknown>

# End of content from <unknown>