src/es/manhwaes/build/outputs/mapping/release/mapping.txt
# compiler: R8
# compiler_version: 9.3.16
# min_api: 26
# common_typos_disable
# {"id":"com.android.tools.r8.mapping","version":"2.2"}
# pg_map_id: ac5812a3b122afef77feba3ac474a7fe7f42cc00104e2166cac3dcdab134fb8c
# pg_map_hash: SHA-256 ac5812a3b122afef77feba3ac474a7fe7f42cc00104e2166cac3dcdab134fb8c
...
eu.kanade.tachiyomi.multisrc.madara.Madara$OrderByFilter -> r:
# {"id":"sourceFile","fileName":"Madara.kt"}
eu.kanade.tachiyomi.multisrc.madara.Madara$StatusFilter -> s:
# {"id":"sourceFile","fileName":"Madara.kt"}
eu.kanade.tachiyomi.multisrc.madara.Madara$Tag -> t:
# {"id":"sourceFile","fileName":"Madara.kt"}
    java.lang.String id -> a
    10:15:void <init>(java.lang.String,java.lang.String):557:557 -> <init>
eu.kanade.tachiyomi.multisrc.madara.Madara$UriPartFilter -> u:
# {"id":"sourceFile","fileName":"Madara.kt"}
    kotlin.Pair[] vals -> a
    4:9:void <init>(java.lang.String,kotlin.Pair[],int):1202:1202 -> <init>
      # {"id":"com.android.tools.r8.residualsignature","signature":"(Ljava/lang/String;[Lkotlin/Pair;)V"}
    10:16:void <init>(java.lang.String,kotlin.Pair[],int):1203:1203 -> <init>
    17:22:void <init>(java.lang.String,kotlin.Pair[],int):553:553 -> <init>
    23:28:void <init>(java.lang.String,kotlin.Pair[],int):1204:1204 -> <init>
    29:34:void <init>(java.lang.String,kotlin.Pair[],int):1207:1207 -> <init>
    35:40:void <init>(java.lang.String,kotlin.Pair[],int):553:553 -> <init>
    1:21:java.lang.String toUriPart():554:554 -> a
eu.kanade.tachiyomi.multisrc.madara.Madara$YearFilter -> v:
# {"id":"sourceFile","fileName":"Madara.kt"}
eu.kanade.tachiyomi.multisrc.madara.Madara$launchIO$1 -> w:
# {"id":"sourceFile","fileName":"Madara.kt"}
    kotlin.jvm.functions.Function0 $block -> a
    1:7:void <init>(kotlin.jvm.functions.Function0,kotlin.coroutines.Continuation):0:0 -> <init>
    1:8:kotlin.coroutines.Continuation create(java.lang.Object,kotlin.coroutines.Continuation):0:0 -> create
    5:17:java.lang.Object invoke(kotlinx.coroutines.CoroutineScope,kotlin.coroutines.Continuation):0:0 -> invoke
    5:17:java.lang.Object invoke(java.lang.Object,java.lang.Object):0 -> invoke
    4:14:java.lang.Object invokeSuspend(java.lang.Object):1186:1186 -> invokeSuspend
eu.kanade.tachiyomi.multisrc.madara.Madara$special$$inlined$injectLazy$1 -> y:
# {"id":"sourceFile","fileName":"Injekt.kt"}
    eu.kanade.tachiyomi.multisrc.madara.Madara$special$$inlined$injectLazy$1 INSTANCE -> a
      # {"id":"com.android.tools.r8.residualsignature","signature":"Ly;"}
    4:6:void <init>():0:0 -> <clinit>
    4:6:void <clinit>():0 -> <clinit>
    7:9:void <clinit>():0:0 -> <clinit>
    1:4:java.lang.Object invoke():17:17 -> invoke
    5:9:java.lang.Object invoke():49:49 -> invoke
    10:18:java.lang.Object invoke():50:50 -> invoke
eu.kanade.tachiyomi.multisrc.madara.Madara$special$$inlined$injectLazy$1$1 -> x:
# {"id":"sourceFile","fileName":"TypeInfo.kt"}
    1:4:void <init>():27:27 -> <init>
eu.kanade.tachiyomi.multisrc.madara.WordSet -> R8$$REMOVED$$CLASS$$1:
# {"id":"sourceFile","fileName":"Madara.kt"}