src/es/manhwaes/build/outputs/mapping/release/usage.txt
app.senpou.extension.BuildConfig
app.senpou.extension.R$mipmap
app.senpou.extension.R
app.senpou.extension.es.manhwaes.ManhwaEs:
    protected boolean getUseNewChapterEndpoint()
eu.kanade.tachiyomi.multisrc.madara.Madara$Companion:
    public final kotlin.text.Regex getIMAGE_DESCRIPTOR_REGEX()
    public final kotlin.text.Regex getURL_REGEX()
    public final kotlin.text.Regex getWHITESPACE_REGEX()
eu.kanade.tachiyomi.multisrc.madara.Madara$Genre:
    public synthetic void <init>(java.lang.String,java.lang.String,int,kotlin.jvm.internal.DefaultConstructorMarker)
eu.kanade.tachiyomi.multisrc.madara.Madara$GenreCheckBox:
    public synthetic void <init>(java.lang.String,java.lang.String,int,kotlin.jvm.internal.DefaultConstructorMarker)
eu.kanade.tachiyomi.multisrc.madara.Madara$LoadMoreDetection:
    public static kotlin.enums.EnumEntries getEntries()
eu.kanade.tachiyomi.multisrc.madara.Madara$LoadMoreStrategy:
    public static kotlin.enums.EnumEntries getEntries()
eu.kanade.tachiyomi.multisrc.madara.Madara$OrderByFilter:
    public synthetic void <init>(java.lang.String,java.util.List,int,int,kotlin.jvm.internal.DefaultConstructorMarker)
eu.kanade.tachiyomi.multisrc.madara.Madara:
    public static final java.lang.String URL_SEARCH_PREFIX
    private boolean oldChapterEndpointDisabled
    private final boolean useNewChapterEndpoint
    public static final synthetic kotlin.text.Regex access$getIMAGE_DESCRIPTOR_REGEX$cp()
    public static final synthetic kotlin.text.Regex access$getURL_REGEX$cp()
    public static final synthetic kotlin.text.Regex access$getWHITESPACE_REGEX$cp()
    protected eu.kanade.tachiyomi.source.model.SChapter chapterFromElement(org.jsoup.nodes.Element)
    protected java.util.List chapterListParse(okhttp3.Response)
    private static final kotlin.Unit chapterListParse$lambda$0(eu.kanade.tachiyomi.multisrc.madara.Madara,org.jsoup.nodes.Document)
    protected final java.lang.String[] getCanceledStatusList()
    public java.lang.String getChapterUrlSelector()
    protected final java.lang.String[] getCompletedStatusList()
    protected final java.lang.String[] getHiatusStatusList()
    protected final keiyoushi.lib.i18n.Intl getIntl()
    protected final java.lang.String[] getOngoingStatusList()
    protected final byte[] getSalted()
    protected boolean getUseNewChapterEndpoint()
    protected eu.kanade.tachiyomi.source.model.SManga latestUpdatesFromElement(org.jsoup.nodes.Element)
    protected java.lang.String latestUpdatesNextPageSelector()
    protected java.lang.String latestUpdatesSelector()
    protected okhttp3.Request oldXhrChaptersRequest(java.lang.String)
eu.kanade.tachiyomi.multisrc.madara.R$mipmap
eu.kanade.tachiyomi.multisrc.madara.R
keiyoushi.annotation.Source
keiyoushi.core.R$mipmap
keiyoushi.core.R
keiyoushi.lib.cryptoaes.CryptoAES:
    private static final java.lang.String AES
    private static final java.lang.String HASH_CIPHER
    private static final int IV_SIZE
    private static final java.lang.String KDF_DIGEST
    private static final int KEY_SIZE
    public final java.lang.String decrypt(java.lang.String,byte[],byte[])
keiyoushi.lib.cryptoaes.Deobfuscator
keiyoushi.lib.i18n.Intl:
    public final varargs java.lang.String format(java.lang.String,java.lang.Object[])
    public final java.lang.String getChosenLanguage()
    public final java.text.Collator getCollator()
    public final java.lang.String languageDisplayName(java.lang.String)
keiyoushi.network.CacheControlInterceptor
keiyoushi.network.OkHttpKt
keiyoushi.network.RateLimitInterceptor$RateLimitTag:
    public void <init>()
keiyoushi.source.CustomUrlPreferences$setupPreferenceScreen$1$2$2
keiyoushi.source.CustomUrlPreferences
keiyoushi.source.KeiSource$FilterCacheState
keiyoushi.source.KeiSource$delegate$1
keiyoushi.source.KeiSource$getMangaUpdate$1
keiyoushi.source.KeiSource$getMangasByUrl$1
keiyoushi.source.KeiSource$triggerBackgroundFilterFetch$1
keiyoushi.source.KeiSource
keiyoushi.source.MirrorPreferences